<!DOCTYPE html>

<html>
  <head>
  <meta charset='utf-8'>
  <title>TestNG reports</title>

    <link type="text/css" href="testng-reports.css" rel="stylesheet" />  
    <script type="text/javascript" src="jquery-1.7.1.min.js"></script>
    <script type="text/javascript" src="testng-reports.js"></script>
    <script type="text/javascript" src="https://www.google.com/jsapi"></script>
    <script type='text/javascript'>
      google.load('visualization', '1', {packages:['table']});
      google.setOnLoadCallback(drawTable);
      var suiteTableInitFunctions = new Array();
      var suiteTableData = new Array();
    </script>
    <!--
      <script type="text/javascript" src="jquery-ui/js/jquery-ui-1.8.16.custom.min.js"></script>
     -->
  </head>

  <body>
    <div class="top-banner-root">
      <span class="top-banner-title-font">Test results</span>
      <br/>
      <span class="top-banner-font-1">1 suite, 2 failed tests</span>
    </div> <!-- top-banner-root -->
    <div class="navigator-root">
      <div class="navigator-suite-header">
        <span>All suites</span>
        <a href="#" class="collapse-all-link" title="Collapse/expand all the suites">
          <img class="collapse-all-icon" src="collapseall.gif">
          </img> <!-- collapse-all-icon -->
        </a> <!-- collapse-all-link -->
      </div> <!-- navigator-suite-header -->
      <div class="suite">
        <div class="rounded-window">
          <div class="suite-header light-rounded-window-top">
            <a href="#" class="navigator-link" panel-name="suite-Regression_Suit2">
              <span class="suite-name border-failed">Regression Suit2</span>
            </a> <!-- navigator-link -->
          </div> <!-- suite-header light-rounded-window-top -->
          <div class="navigator-suite-content">
            <div class="suite-section-title">
              <span>Info</span>
            </div> <!-- suite-section-title -->
            <div class="suite-section-content">
              <ul>
                <li>
                  <a href="#" class="navigator-link " panel-name="test-xml-Regression_Suit2">
                    <span>D:\workspaces\uiAutomation\testNg.xml</span>
                  </a> <!-- navigator-link  -->
                </li>
                <li>
                  <a href="#" class="navigator-link " panel-name="testlist-Regression_Suit2">
                    <span class="test-stats">1 test</span>
                  </a> <!-- navigator-link  -->
                </li>
                <li>
                  <a href="#" class="navigator-link " panel-name="group-Regression_Suit2">
                    <span>0 groups</span>
                  </a> <!-- navigator-link  -->
                </li>
                <li>
                  <a href="#" class="navigator-link " panel-name="times-Regression_Suit2">
                    <span>Times</span>
                  </a> <!-- navigator-link  -->
                </li>
                <li>
                  <a href="#" class="navigator-link " panel-name="reporter-Regression_Suit2">
                    <span>Reporter output</span>
                  </a> <!-- navigator-link  -->
                </li>
                <li>
                  <a href="#" class="navigator-link " panel-name="ignored-methods-Regression_Suit2">
                    <span>Ignored methods</span>
                  </a> <!-- navigator-link  -->
                </li>
                <li>
                  <a href="#" class="navigator-link " panel-name="chronological-Regression_Suit2">
                    <span>Chronological view</span>
                  </a> <!-- navigator-link  -->
                </li>
              </ul>
            </div> <!-- suite-section-content -->
            <div class="result-section">
              <div class="suite-section-title">
                <span>Results</span>
              </div> <!-- suite-section-title -->
              <div class="suite-section-content">
                <ul>
                  <li>
                    <span class="method-stats">5 methods, 2 failed,   3 passed</span>
                  </li>
                  <li>
                    <span class="method-list-title failed">Failed methods</span>
                    <span class="show-or-hide-methods failed">
                      <a href="#" panel-name="suite-Regression_Suit2" class="hide-methods failed suite-Regression_Suit2"> (hide)</a> <!-- hide-methods failed suite-Regression_Suit2 -->
                      <a href="#" panel-name="suite-Regression_Suit2" class="show-methods failed suite-Regression_Suit2"> (show)</a> <!-- show-methods failed suite-Regression_Suit2 -->
                    </span>
                    <div class="method-list-content failed suite-Regression_Suit2">
                      <span>
                        <img width="3%" src="failed.png"/>
                        <a href="#" class="method navigator-link" panel-name="suite-Regression_Suit2" title="com.test.automation.uiAutomation.homepage.TC002_verifylogin_withvalidcredentials" hash-for-method="logintest_valid(vicky24.ttw@gmail.com, vvv9894502383)">logintest_valid(vicky24.ttw@gmail.com, vvv9894502383)</a> <!-- method navigator-link -->
                      </span>
                      <br/>
                      <span>
                        <img width="3%" src="failed.png"/>
                        <a href="#" class="method navigator-link" panel-name="suite-Regression_Suit2" title="com.test.automation.uiAutomation.homepage.TC003_booking" hash-for-method="selectpackage">selectpackage</a> <!-- method navigator-link -->
                      </span>
                      <br/>
                    </div> <!-- method-list-content failed suite-Regression_Suit2 -->
                  </li>
                  <li>
                    <span class="method-list-title passed">Passed methods</span>
                    <span class="show-or-hide-methods passed">
                      <a href="#" panel-name="suite-Regression_Suit2" class="hide-methods passed suite-Regression_Suit2"> (hide)</a> <!-- hide-methods passed suite-Regression_Suit2 -->
                      <a href="#" panel-name="suite-Regression_Suit2" class="show-methods passed suite-Regression_Suit2"> (show)</a> <!-- show-methods passed suite-Regression_Suit2 -->
                    </span>
                    <div class="method-list-content passed suite-Regression_Suit2">
                      <span>
                        <img width="3%" src="passed.png"/>
                        <a href="#" class="method navigator-link" panel-name="suite-Regression_Suit2" title="com.test.automation.uiAutomation.homepage.TC001_verifylogin_withinvalidcredentials" hash-for-method="logintest_invalid(vicky@gmail.com, ajdhfasdfds)">logintest_invalid(vicky@gmail.com, ajdhfasdfds)</a> <!-- method navigator-link -->
                      </span>
                      <br/>
                      <span>
                        <img width="3%" src="passed.png"/>
                        <a href="#" class="method navigator-link" panel-name="suite-Regression_Suit2" title="com.test.automation.uiAutomation.homepage.TC001_verifylogin_withinvalidcredentials" hash-for-method="logintest_invalid(vickyraa2@gmai.com, kjsdfskdfjsd)">logintest_invalid(vickyraa2@gmai.com, kjsdfskdfjsd)</a> <!-- method navigator-link -->
                      </span>
                      <br/>
                      <span>
                        <img width="3%" src="passed.png"/>
                        <a href="#" class="method navigator-link" panel-name="suite-Regression_Suit2" title="com.test.automation.uiAutomation.homepage.TC001_verifylogin_withinvalidcredentials" hash-for-method="logintest_invalid(shankar@gmail.com, sdkjfhskdf)">logintest_invalid(shankar@gmail.com, sdkjfhskdf)</a> <!-- method navigator-link -->
                      </span>
                      <br/>
                    </div> <!-- method-list-content passed suite-Regression_Suit2 -->
                  </li>
                </ul>
              </div> <!-- suite-section-content -->
            </div> <!-- result-section -->
          </div> <!-- navigator-suite-content -->
        </div> <!-- rounded-window -->
      </div> <!-- suite -->
    </div> <!-- navigator-root -->
    <div class="wrapper">
      <div class="main-panel-root">
        <div panel-name="suite-Regression_Suit2" class="panel Regression_Suit2">
          <div class="suite-Regression_Suit2-class-failed">
            <div class="main-panel-header rounded-window-top">
              <img src="failed.png"/>
              <span class="class-name">com.test.automation.uiAutomation.homepage.TC003_booking</span>
            </div> <!-- main-panel-header rounded-window-top -->
            <div class="main-panel-content rounded-window-bottom">
              <div class="method">
                <div class="method-content">
                  <a name="selectpackage">
                  </a> <!-- selectpackage -->
                  <span class="method-name">selectpackage</span>
                  <div class="stack-trace">org.openqa.selenium.NoSuchElementException: no such element: Unable to locate element: {&quot;method&quot;:&quot;xpath&quot;,&quot;selector&quot;:&quot;//a[contains(text(),&apos;Weekend Getaways1&apos;)]&quot;}
  (Session info: chrome=58.0.3029.110)
  (Driver info: chromedriver=2.29.461591 (62ebf098771772160f391d75e589dc567915b233),platform=Windows NT 6.1.7601 SP1 x86_64) (WARNING: The server did not provide any stacktrace information)
Command duration or timeout: 180 milliseconds
For documentation on this error, please visit: http://seleniumhq.org/exceptions/no_such_element.html
Build info: version: &apos;3.3.1&apos;, revision: &apos;5234b325d5&apos;, time: &apos;2017-03-10 09:10:29 +0000&apos;
System info: host: &apos;VIGNESH-PC&apos;, ip: &apos;192.168.0.129&apos;, os.name: &apos;Windows 7&apos;, os.arch: &apos;amd64&apos;, os.version: &apos;6.1&apos;, java.version: &apos;1.8.0_111&apos;
Driver info: org.openqa.selenium.chrome.ChromeDriver
Capabilities [{applicationCacheEnabled=false, rotatable=false, mobileEmulationEnabled=false, networkConnectionEnabled=false, chrome={chromedriverVersion=2.29.461591 (62ebf098771772160f391d75e589dc567915b233), userDataDir=C:\Users\Vignesh\AppData\Local\Temp\scoped_dir6844_16637}, takesHeapSnapshot=true, pageLoadStrategy=normal, databaseEnabled=false, handlesAlerts=true, hasTouchScreen=false, version=58.0.3029.110, platform=XP, browserConnectionEnabled=false, nativeEvents=true, acceptSslCerts=true, locationContextEnabled=true, webStorageEnabled=true, browserName=chrome, takesScreenshot=true, javascriptEnabled=true, cssSelectorsEnabled=true, unexpectedAlertBehaviour=}]
Session ID: 621394627b543e1d20de0a7bfb8a0bba
*** Element info: {Using=xpath, value=//a[contains(text(),&apos;Weekend Getaways1&apos;)]}
	at org.openqa.selenium.remote.ErrorHandler.createThrowable(ErrorHandler.java:216)
	at org.openqa.selenium.remote.ErrorHandler.throwIfResponseFailed(ErrorHandler.java:168)
	at org.openqa.selenium.remote.RemoteWebDriver.execute(RemoteWebDriver.java:638)
	at org.openqa.selenium.remote.RemoteWebDriver.findElement(RemoteWebDriver.java:371)
	at org.openqa.selenium.remote.RemoteWebDriver.findElementByXPath(RemoteWebDriver.java:476)
	at org.openqa.selenium.By$ByXPath.findElement(By.java:361)
	at org.openqa.selenium.remote.RemoteWebDriver.findElement(RemoteWebDriver.java:363)
	at org.openqa.selenium.support.events.EventFiringWebDriver$2.invoke(EventFiringWebDriver.java:104)
	at com.sun.proxy.$Proxy11.findElement(Unknown Source)
	at org.openqa.selenium.support.events.EventFiringWebDriver.findElement(EventFiringWebDriver.java:188)
	at com.test.automation.uiAutomation.uiaction.Homepage.clickonnavigation_menu(Homepage.java:150)
	at com.test.automation.uiAutomation.homepage.TC003_booking.selectpackage(TC003_booking.java:44)
... Removed 32 stack frames
</div> <!-- stack-trace -->
                </div> <!-- method-content -->
              </div> <!-- method -->
            </div> <!-- main-panel-content rounded-window-bottom -->
          </div> <!-- suite-Regression_Suit2-class-failed -->
          <div class="suite-Regression_Suit2-class-failed">
            <div class="main-panel-header rounded-window-top">
              <img src="failed.png"/>
              <span class="class-name">com.test.automation.uiAutomation.homepage.TC002_verifylogin_withvalidcredentials</span>
            </div> <!-- main-panel-header rounded-window-top -->
            <div class="main-panel-content rounded-window-bottom">
              <div class="method">
                <div class="method-content">
                  <a name="logintest_valid(vicky24.ttw@gmail.com, vvv9894502383)">
                  </a> <!-- logintest_valid(vicky24.ttw@gmail.com, vvv9894502383) -->
                  <span class="method-name">logintest_valid</span>
                  <span class="parameters">(vicky24.ttw@gmail.com, vvv9894502383)</span>
                  <div class="stack-trace">org.openqa.selenium.NoSuchElementException: no such element: Unable to locate element: {&quot;method&quot;:&quot;xpath&quot;,&quot;selector&quot;:&quot;//a[contains(text(),&apos;Weekend Getaways1&apos;)]&quot;}
  (Session info: chrome=58.0.3029.110)
  (Driver info: chromedriver=2.29.461591 (62ebf098771772160f391d75e589dc567915b233),platform=Windows NT 6.1.7601 SP1 x86_64) (WARNING: The server did not provide any stacktrace information)
Command duration or timeout: 90 milliseconds
For documentation on this error, please visit: http://seleniumhq.org/exceptions/no_such_element.html
Build info: version: &apos;3.3.1&apos;, revision: &apos;5234b325d5&apos;, time: &apos;2017-03-10 09:10:29 +0000&apos;
System info: host: &apos;VIGNESH-PC&apos;, ip: &apos;192.168.0.129&apos;, os.name: &apos;Windows 7&apos;, os.arch: &apos;amd64&apos;, os.version: &apos;6.1&apos;, java.version: &apos;1.8.0_111&apos;
Driver info: org.openqa.selenium.chrome.ChromeDriver
Capabilities [{applicationCacheEnabled=false, rotatable=false, mobileEmulationEnabled=false, networkConnectionEnabled=false, chrome={chromedriverVersion=2.29.461591 (62ebf098771772160f391d75e589dc567915b233), userDataDir=C:\Users\Vignesh\AppData\Local\Temp\scoped_dir6328_26693}, takesHeapSnapshot=true, pageLoadStrategy=normal, databaseEnabled=false, handlesAlerts=true, hasTouchScreen=false, version=58.0.3029.110, platform=XP, browserConnectionEnabled=false, nativeEvents=true, acceptSslCerts=true, locationContextEnabled=true, webStorageEnabled=true, browserName=chrome, takesScreenshot=true, javascriptEnabled=true, cssSelectorsEnabled=true, unexpectedAlertBehaviour=}]
Session ID: 40a57c2b7019748e754506160520336e
*** Element info: {Using=xpath, value=//a[contains(text(),&apos;Weekend Getaways1&apos;)]}
	at org.openqa.selenium.remote.ErrorHandler.createThrowable(ErrorHandler.java:216)
	at org.openqa.selenium.remote.ErrorHandler.throwIfResponseFailed(ErrorHandler.java:168)
	at org.openqa.selenium.remote.RemoteWebDriver.execute(RemoteWebDriver.java:638)
	at org.openqa.selenium.remote.RemoteWebDriver.findElement(RemoteWebDriver.java:371)
	at org.openqa.selenium.remote.RemoteWebDriver.findElementByXPath(RemoteWebDriver.java:476)
	at org.openqa.selenium.By$ByXPath.findElement(By.java:361)
	at org.openqa.selenium.remote.RemoteWebDriver.findElement(RemoteWebDriver.java:363)
	at org.openqa.selenium.support.events.EventFiringWebDriver$2.invoke(EventFiringWebDriver.java:104)
	at com.sun.proxy.$Proxy11.findElement(Unknown Source)
	at org.openqa.selenium.support.events.EventFiringWebDriver.findElement(EventFiringWebDriver.java:188)
	at com.test.automation.uiAutomation.uiaction.Homepage.clickonnavigation_menu(Homepage.java:150)
	at com.test.automation.uiAutomation.homepage.TC002_verifylogin_withvalidcredentials.logintest_valid(TC002_verifylogin_withvalidcredentials.java:44)
... Removed 32 stack frames
</div> <!-- stack-trace -->
                </div> <!-- method-content -->
              </div> <!-- method -->
            </div> <!-- main-panel-content rounded-window-bottom -->
          </div> <!-- suite-Regression_Suit2-class-failed -->
          <div class="suite-Regression_Suit2-class-passed">
            <div class="main-panel-header rounded-window-top">
              <img src="passed.png"/>
              <span class="class-name">com.test.automation.uiAutomation.homepage.TC001_verifylogin_withinvalidcredentials</span>
            </div> <!-- main-panel-header rounded-window-top -->
            <div class="main-panel-content rounded-window-bottom">
              <div class="method">
                <div class="method-content">
                  <a name="logintest_invalid(vicky@gmail.com, ajdhfasdfds)">
                  </a> <!-- logintest_invalid(vicky@gmail.com, ajdhfasdfds) -->
                  <span class="method-name">logintest_invalid</span>
                  <span class="parameters">(vicky@gmail.com, ajdhfasdfds)</span>
                </div> <!-- method-content -->
              </div> <!-- method -->
              <div class="method">
                <div class="method-content">
                  <a name="logintest_invalid(vickyraa2@gmai.com, kjsdfskdfjsd)">
                  </a> <!-- logintest_invalid(vickyraa2@gmai.com, kjsdfskdfjsd) -->
                  <span class="method-name">logintest_invalid</span>
                  <span class="parameters">(vickyraa2@gmai.com, kjsdfskdfjsd)</span>
                </div> <!-- method-content -->
              </div> <!-- method -->
              <div class="method">
                <div class="method-content">
                  <a name="logintest_invalid(shankar@gmail.com, sdkjfhskdf)">
                  </a> <!-- logintest_invalid(shankar@gmail.com, sdkjfhskdf) -->
                  <span class="method-name">logintest_invalid</span>
                  <span class="parameters">(shankar@gmail.com, sdkjfhskdf)</span>
                </div> <!-- method-content -->
              </div> <!-- method -->
            </div> <!-- main-panel-content rounded-window-bottom -->
          </div> <!-- suite-Regression_Suit2-class-passed -->
        </div> <!-- panel Regression_Suit2 -->
        <div panel-name="test-xml-Regression_Suit2" class="panel">
          <div class="main-panel-header rounded-window-top">
            <span class="header-content">D:\workspaces\uiAutomation\testNg.xml</span>
          </div> <!-- main-panel-header rounded-window-top -->
          <div class="main-panel-content rounded-window-bottom">
            <pre>
&lt;?xml version=&quot;1.0&quot; encoding=&quot;UTF-8&quot;?&gt;
&lt;!DOCTYPE suite SYSTEM &quot;http://testng.org/testng-1.0.dtd&quot;&gt;
&lt;suite guice-stage=&quot;DEVELOPMENT&quot; name=&quot;Regression Suit2&quot;&gt;
  &lt;test name=&quot;test&quot;&gt;
    &lt;classes&gt;
      &lt;class name=&quot;com.test.automation.uiAutomation.homepage.TC001_verifylogin_withinvalidcredentials&quot;/&gt;
      &lt;class name=&quot;com.test.automation.uiAutomation.homepage.TC002_verifylogin_withvalidcredentials&quot;/&gt;
      &lt;class name=&quot;com.test.automation.uiAutomation.homepage.TC003_booking&quot;/&gt;
    &lt;/classes&gt;
  &lt;/test&gt; &lt;!-- test --&gt;
&lt;/suite&gt; &lt;!-- Regression Suit2 --&gt;
            </pre>
          </div> <!-- main-panel-content rounded-window-bottom -->
        </div> <!-- panel -->
        <div panel-name="testlist-Regression_Suit2" class="panel">
          <div class="main-panel-header rounded-window-top">
            <span class="header-content">Tests for Regression Suit2</span>
          </div> <!-- main-panel-header rounded-window-top -->
          <div class="main-panel-content rounded-window-bottom">
            <ul>
              <li>
                <span class="test-name">test (3 classes)</span>
              </li>
            </ul>
          </div> <!-- main-panel-content rounded-window-bottom -->
        </div> <!-- panel -->
        <div panel-name="group-Regression_Suit2" class="panel">
          <div class="main-panel-header rounded-window-top">
            <span class="header-content">Groups for Regression Suit2</span>
          </div> <!-- main-panel-header rounded-window-top -->
          <div class="main-panel-content rounded-window-bottom">
          </div> <!-- main-panel-content rounded-window-bottom -->
        </div> <!-- panel -->
        <div panel-name="times-Regression_Suit2" class="panel">
          <div class="main-panel-header rounded-window-top">
            <span class="header-content">Times for Regression Suit2</span>
          </div> <!-- main-panel-header rounded-window-top -->
          <div class="main-panel-content rounded-window-bottom">
            <div class="times-div">
              <script type="text/javascript">
suiteTableInitFunctions.push('tableData_Regression_Suit2');
function tableData_Regression_Suit2() {
var data = new google.visualization.DataTable();
data.addColumn('number', 'Number');
data.addColumn('string', 'Method');
data.addColumn('string', 'Class');
data.addColumn('number', 'Time (ms)');
data.addRows(5);
data.setCell(0, 0, 0)
data.setCell(0, 1, 'selectpackage')
data.setCell(0, 2, 'com.test.automation.uiAutomation.homepage.TC003_booking')
data.setCell(0, 3, 19991);
data.setCell(1, 0, 1)
data.setCell(1, 1, 'logintest_valid')
data.setCell(1, 2, 'com.test.automation.uiAutomation.homepage.TC002_verifylogin_withvalidcredentials')
data.setCell(1, 3, 18621);
data.setCell(2, 0, 2)
data.setCell(2, 1, 'logintest_invalid')
data.setCell(2, 2, 'com.test.automation.uiAutomation.homepage.TC001_verifylogin_withinvalidcredentials')
data.setCell(2, 3, 11609);
data.setCell(3, 0, 3)
data.setCell(3, 1, 'logintest_invalid')
data.setCell(3, 2, 'com.test.automation.uiAutomation.homepage.TC001_verifylogin_withinvalidcredentials')
data.setCell(3, 3, 10822);
data.setCell(4, 0, 4)
data.setCell(4, 1, 'logintest_invalid')
data.setCell(4, 2, 'com.test.automation.uiAutomation.homepage.TC001_verifylogin_withinvalidcredentials')
data.setCell(4, 3, 10580);
window.suiteTableData['Regression_Suit2']= { tableData: data, tableDiv: 'times-div-Regression_Suit2'}
return data;
}
              </script>
              <span class="suite-total-time">Total running time: 1 minutes</span>
              <div id="times-div-Regression_Suit2">
              </div> <!-- times-div-Regression_Suit2 -->
            </div> <!-- times-div -->
          </div> <!-- main-panel-content rounded-window-bottom -->
        </div> <!-- panel -->
        <div panel-name="reporter-Regression_Suit2" class="panel">
          <div class="main-panel-header rounded-window-top">
            <span class="header-content">Reporter output for Regression Suit2</span>
          </div> <!-- main-panel-header rounded-window-top -->
          <div class="main-panel-content rounded-window-bottom">
            <div class="reporter-method-div">
              <span class="reporter-method-name">logintest_invalid(vicky@gmail.com, ajdhfasdfds)</span>
              <div class="reporter-method-output-div">
                <span class="reporter-method-output">Found Element By : By.xpath: //a[@class='signinLink'][text()='Log In'] </span>
                <span class="reporter-method-output">Trying to click on: [[ChromeDriver: chrome on XP (9eeaad7da6fd6d750d6b8148e93eff74)] -> xpath: //a[@class='signinLink'][text()='Log In'] ]</span>
                <span class="reporter-method-output">Clicked on: [[ChromeDriver: chrome on XP (9eeaad7da6fd6d750d6b8148e93eff74)] -> xpath: //a[@class='signinLink'][text()='Log In'] ]</span>
                <span class="reporter-method-output">Found Element By : By.xpath: //input[@id='home_username']</span>
                <span class="reporter-method-output">Found Element By : By.xpath: //input[@id='home_username']</span>
                <span class="reporter-method-output">Found Element By : By.xpath: //input[@id='home_password']</span>
                <span class="reporter-method-output">Found Element By : By.xpath: //input[@id='home_password']</span>
                <span class="reporter-method-output">Found Element By : By.xpath: //input[@value='Sign In']</span>
                <span class="reporter-method-output">Found Element By : By.xpath: //input[@value='Sign In']</span>
                <span class="reporter-method-output">Trying to click on: [[ChromeDriver: chrome on XP (9eeaad7da6fd6d750d6b8148e93eff74)] -> xpath: //input[@value='Sign In']]</span>
                <span class="reporter-method-output">Clicked on: [[ChromeDriver: chrome on XP (9eeaad7da6fd6d750d6b8148e93eff74)] -> xpath: //input[@value='Sign In']]</span>
                <span class="reporter-method-output">Found Element By : By.xpath: //div[@id='home_username-error']</span>
                <span class="reporter-method-output">Found Element By : By.xpath: //a[@class='signinLink'][text()='Log In'] </span>
                <span class="reporter-method-output">Trying to click on: [[ChromeDriver: chrome on XP (9eeaad7da6fd6d750d6b8148e93eff74)] -> xpath: //a[@class='signinLink'][text()='Log In'] ]</span>
                <span class="reporter-method-output">Clicked on: [[ChromeDriver: chrome on XP (9eeaad7da6fd6d750d6b8148e93eff74)] -> xpath: //a[@class='signinLink'][text()='Log In'] ]</span>
              </div> <!-- reporter-method-output-div -->
            </div> <!-- reporter-method-div -->
            <div class="reporter-method-div">
              <span class="reporter-method-name">logintest_invalid(vickyraa2@gmai.com, kjsdfskdfjsd)</span>
              <div class="reporter-method-output-div">
                <span class="reporter-method-output">Found Element By : By.xpath: //a[@class='signinLink'][text()='Log In'] </span>
                <span class="reporter-method-output">Trying to click on: [[ChromeDriver: chrome on XP (9eeaad7da6fd6d750d6b8148e93eff74)] -> xpath: //a[@class='signinLink'][text()='Log In'] ]</span>
                <span class="reporter-method-output">Clicked on: [[ChromeDriver: chrome on XP (9eeaad7da6fd6d750d6b8148e93eff74)] -> xpath: //a[@class='signinLink'][text()='Log In'] ]</span>
                <span class="reporter-method-output">Found Element By : By.xpath: //input[@id='home_username']</span>
                <span class="reporter-method-output">Found Element By : By.xpath: //input[@id='home_username']</span>
                <span class="reporter-method-output">Found Element By : By.xpath: //input[@id='home_password']</span>
                <span class="reporter-method-output">Found Element By : By.xpath: //input[@id='home_password']</span>
                <span class="reporter-method-output">Found Element By : By.xpath: //input[@value='Sign In']</span>
                <span class="reporter-method-output">Found Element By : By.xpath: //input[@value='Sign In']</span>
                <span class="reporter-method-output">Trying to click on: [[ChromeDriver: chrome on XP (9eeaad7da6fd6d750d6b8148e93eff74)] -> xpath: //input[@value='Sign In']]</span>
                <span class="reporter-method-output">Clicked on: [[ChromeDriver: chrome on XP (9eeaad7da6fd6d750d6b8148e93eff74)] -> xpath: //input[@value='Sign In']]</span>
                <span class="reporter-method-output">Found Element By : By.xpath: //div[@id='home_username-error']</span>
                <span class="reporter-method-output">Found Element By : By.xpath: //a[@class='signinLink'][text()='Log In'] </span>
                <span class="reporter-method-output">Trying to click on: [[ChromeDriver: chrome on XP (9eeaad7da6fd6d750d6b8148e93eff74)] -> xpath: //a[@class='signinLink'][text()='Log In'] ]</span>
                <span class="reporter-method-output">Clicked on: [[ChromeDriver: chrome on XP (9eeaad7da6fd6d750d6b8148e93eff74)] -> xpath: //a[@class='signinLink'][text()='Log In'] ]</span>
              </div> <!-- reporter-method-output-div -->
            </div> <!-- reporter-method-div -->
            <div class="reporter-method-div">
              <span class="reporter-method-name">logintest_invalid(shankar@gmail.com, sdkjfhskdf)</span>
              <div class="reporter-method-output-div">
                <span class="reporter-method-output">Found Element By : By.xpath: //a[@class='signinLink'][text()='Log In'] </span>
                <span class="reporter-method-output">Trying to click on: [[ChromeDriver: chrome on XP (9eeaad7da6fd6d750d6b8148e93eff74)] -> xpath: //a[@class='signinLink'][text()='Log In'] ]</span>
                <span class="reporter-method-output">Clicked on: [[ChromeDriver: chrome on XP (9eeaad7da6fd6d750d6b8148e93eff74)] -> xpath: //a[@class='signinLink'][text()='Log In'] ]</span>
                <span class="reporter-method-output">Found Element By : By.xpath: //input[@id='home_username']</span>
                <span class="reporter-method-output">Found Element By : By.xpath: //input[@id='home_username']</span>
                <span class="reporter-method-output">Found Element By : By.xpath: //input[@id='home_password']</span>
                <span class="reporter-method-output">Found Element By : By.xpath: //input[@id='home_password']</span>
                <span class="reporter-method-output">Found Element By : By.xpath: //input[@value='Sign In']</span>
                <span class="reporter-method-output">Found Element By : By.xpath: //input[@value='Sign In']</span>
                <span class="reporter-method-output">Trying to click on: [[ChromeDriver: chrome on XP (9eeaad7da6fd6d750d6b8148e93eff74)] -> xpath: //input[@value='Sign In']]</span>
                <span class="reporter-method-output">Clicked on: [[ChromeDriver: chrome on XP (9eeaad7da6fd6d750d6b8148e93eff74)] -> xpath: //input[@value='Sign In']]</span>
                <span class="reporter-method-output">Found Element By : By.xpath: //div[@id='home_username-error']</span>
                <span class="reporter-method-output">Found Element By : By.xpath: //a[@class='signinLink'][text()='Log In'] </span>
                <span class="reporter-method-output">Trying to click on: [[ChromeDriver: chrome on XP (9eeaad7da6fd6d750d6b8148e93eff74)] -> xpath: //a[@class='signinLink'][text()='Log In'] ]</span>
                <span class="reporter-method-output">Clicked on: [[ChromeDriver: chrome on XP (9eeaad7da6fd6d750d6b8148e93eff74)] -> xpath: //a[@class='signinLink'][text()='Log In'] ]</span>
              </div> <!-- reporter-method-output-div -->
            </div> <!-- reporter-method-div -->
            <div class="reporter-method-div">
              <span class="reporter-method-name">logintest_valid(vicky24.ttw@gmail.com, vvv9894502383)</span>
              <div class="reporter-method-output-div">
                <span class="reporter-method-output">Found Element By : By.xpath: //a[@class='signinLink'][text()='Log In'] </span>
                <span class="reporter-method-output">Trying to click on: [[ChromeDriver: chrome on XP (40a57c2b7019748e754506160520336e)] -> xpath: //a[@class='signinLink'][text()='Log In'] ]</span>
                <span class="reporter-method-output">Clicked on: [[ChromeDriver: chrome on XP (40a57c2b7019748e754506160520336e)] -> xpath: //a[@class='signinLink'][text()='Log In'] ]</span>
                <span class="reporter-method-output">Found Element By : By.xpath: //input[@id='home_username']</span>
                <span class="reporter-method-output">Found Element By : By.xpath: //input[@id='home_password']</span>
                <span class="reporter-method-output">Found Element By : By.xpath: //input[@id='home_password']</span>
                <span class="reporter-method-output">Found Element By : By.xpath: //input[@value='Sign In']</span>
                <span class="reporter-method-output">Found Element By : By.xpath: //input[@value='Sign In']</span>
                <span class="reporter-method-output">Trying to click on: [[ChromeDriver: chrome on XP (40a57c2b7019748e754506160520336e)] -> xpath: //input[@value='Sign In']]</span>
                <span class="reporter-method-output">Clicked on: [[ChromeDriver: chrome on XP (40a57c2b7019748e754506160520336e)] -> xpath: //input[@value='Sign In']]</span>
                <span class="reporter-method-output">Found Element By : By.xpath: //i[@class='fa fa-bars floatLeft menuIcon']</span>
                <span class="reporter-method-output">Trying to click on: [[ChromeDriver: chrome on XP (40a57c2b7019748e754506160520336e)] -> xpath: //i[@class='fa fa-bars floatLeft menuIcon']]</span>
                <span class="reporter-method-output">Clicked on: [[ChromeDriver: chrome on XP (40a57c2b7019748e754506160520336e)] -> xpath: //i[@class='fa fa-bars floatLeft menuIcon']]</span>
                <span class="reporter-method-output">Exception occured: org.openqa.selenium.NoSuchElementException: no such element: Unable to locate element: {"method":"xpath","selector":"//a[contains(text(),'Weekend Getaways1')]"}
  (Session info: chrome=58.0.3029.110)
  (Driver info: chromedriver=2.29.461591 (62ebf098771772160f391d75e589dc567915b233),platform=Windows NT 6.1.7601 SP1 x86_64) (WARNING: The server did not provide any stacktrace information)
Command duration or timeout: 90 milliseconds
For documentation on this error, please visit: http://seleniumhq.org/exceptions/no_such_element.html
Build info: version: '3.3.1', revision: '5234b325d5', time: '2017-03-10 09:10:29 +0000'
System info: host: 'VIGNESH-PC', ip: '192.168.0.129', os.name: 'Windows 7', os.arch: 'amd64', os.version: '6.1', java.version: '1.8.0_111'
Driver info: org.openqa.selenium.chrome.ChromeDriver
Capabilities [{applicationCacheEnabled=false, rotatable=false, mobileEmulationEnabled=false, networkConnectionEnabled=false, chrome={chromedriverVersion=2.29.461591 (62ebf098771772160f391d75e589dc567915b233), userDataDir=C:\Users\Vignesh\AppData\Local\Temp\scoped_dir6328_26693}, takesHeapSnapshot=true, pageLoadStrategy=normal, databaseEnabled=false, handlesAlerts=true, hasTouchScreen=false, version=58.0.3029.110, platform=XP, browserConnectionEnabled=false, nativeEvents=true, acceptSslCerts=true, locationContextEnabled=true, webStorageEnabled=true, browserName=chrome, takesScreenshot=true, javascriptEnabled=true, cssSelectorsEnabled=true, unexpectedAlertBehaviour=}]
Session ID: 40a57c2b7019748e754506160520336e
*** Element info: {Using=xpath, value=//a[contains(text(),'Weekend Getaways1')]}</span>
                <span class="reporter-method-output">Exception occured:</span>
              </div> <!-- reporter-method-output-div -->
            </div> <!-- reporter-method-div -->
            <div class="reporter-method-div">
              <span class="reporter-method-name">selectpackage</span>
              <div class="reporter-method-output-div">
                <span class="reporter-method-output">Found Element By : By.xpath: //a[@class='signinLink'][text()='Log In'] </span>
                <span class="reporter-method-output">Trying to click on: [[ChromeDriver: chrome on XP (621394627b543e1d20de0a7bfb8a0bba)] -> xpath: //a[@class='signinLink'][text()='Log In'] ]</span>
                <span class="reporter-method-output">Clicked on: [[ChromeDriver: chrome on XP (621394627b543e1d20de0a7bfb8a0bba)] -> xpath: //a[@class='signinLink'][text()='Log In'] ]</span>
                <span class="reporter-method-output">Found Element By : By.xpath: //input[@id='home_username']</span>
                <span class="reporter-method-output">Found Element By : By.xpath: //input[@id='home_password']</span>
                <span class="reporter-method-output">Found Element By : By.xpath: //input[@id='home_password']</span>
                <span class="reporter-method-output">Found Element By : By.xpath: //input[@value='Sign In']</span>
                <span class="reporter-method-output">Found Element By : By.xpath: //input[@value='Sign In']</span>
                <span class="reporter-method-output">Trying to click on: [[ChromeDriver: chrome on XP (621394627b543e1d20de0a7bfb8a0bba)] -> xpath: //input[@value='Sign In']]</span>
                <span class="reporter-method-output">Clicked on: [[ChromeDriver: chrome on XP (621394627b543e1d20de0a7bfb8a0bba)] -> xpath: //input[@value='Sign In']]</span>
                <span class="reporter-method-output">Found Element By : By.xpath: //i[@class='fa fa-bars floatLeft menuIcon']</span>
                <span class="reporter-method-output">Trying to click on: [[ChromeDriver: chrome on XP (621394627b543e1d20de0a7bfb8a0bba)] -> xpath: //i[@class='fa fa-bars floatLeft menuIcon']]</span>
                <span class="reporter-method-output">Clicked on: [[ChromeDriver: chrome on XP (621394627b543e1d20de0a7bfb8a0bba)] -> xpath: //i[@class='fa fa-bars floatLeft menuIcon']]</span>
                <span class="reporter-method-output">Exception occured: org.openqa.selenium.NoSuchElementException: no such element: Unable to locate element: {"method":"xpath","selector":"//a[contains(text(),'Weekend Getaways1')]"}
  (Session info: chrome=58.0.3029.110)
  (Driver info: chromedriver=2.29.461591 (62ebf098771772160f391d75e589dc567915b233),platform=Windows NT 6.1.7601 SP1 x86_64) (WARNING: The server did not provide any stacktrace information)
Command duration or timeout: 180 milliseconds
For documentation on this error, please visit: http://seleniumhq.org/exceptions/no_such_element.html
Build info: version: '3.3.1', revision: '5234b325d5', time: '2017-03-10 09:10:29 +0000'
System info: host: 'VIGNESH-PC', ip: '192.168.0.129', os.name: 'Windows 7', os.arch: 'amd64', os.version: '6.1', java.version: '1.8.0_111'
Driver info: org.openqa.selenium.chrome.ChromeDriver
Capabilities [{applicationCacheEnabled=false, rotatable=false, mobileEmulationEnabled=false, networkConnectionEnabled=false, chrome={chromedriverVersion=2.29.461591 (62ebf098771772160f391d75e589dc567915b233), userDataDir=C:\Users\Vignesh\AppData\Local\Temp\scoped_dir6844_16637}, takesHeapSnapshot=true, pageLoadStrategy=normal, databaseEnabled=false, handlesAlerts=true, hasTouchScreen=false, version=58.0.3029.110, platform=XP, browserConnectionEnabled=false, nativeEvents=true, acceptSslCerts=true, locationContextEnabled=true, webStorageEnabled=true, browserName=chrome, takesScreenshot=true, javascriptEnabled=true, cssSelectorsEnabled=true, unexpectedAlertBehaviour=}]
Session ID: 621394627b543e1d20de0a7bfb8a0bba
*** Element info: {Using=xpath, value=//a[contains(text(),'Weekend Getaways1')]}</span>
                <span class="reporter-method-output">Exception occured:</span>
              </div> <!-- reporter-method-output-div -->
            </div> <!-- reporter-method-div -->
          </div> <!-- main-panel-content rounded-window-bottom -->
        </div> <!-- panel -->
        <div panel-name="ignored-methods-Regression_Suit2" class="panel">
          <div class="main-panel-header rounded-window-top">
            <span class="header-content">0 ignored methods</span>
          </div> <!-- main-panel-header rounded-window-top -->
          <div class="main-panel-content rounded-window-bottom">
          </div> <!-- main-panel-content rounded-window-bottom -->
        </div> <!-- panel -->
        <div panel-name="chronological-Regression_Suit2" class="panel">
          <div class="main-panel-header rounded-window-top">
            <span class="header-content">Methods in chronological order</span>
          </div> <!-- main-panel-header rounded-window-top -->
          <div class="main-panel-content rounded-window-bottom">
            <div class="chronological-class">
              <div class="chronological-class-name">com.test.automation.uiAutomation.homepage.TC001_verifylogin_withinvalidcredentials</div> <!-- chronological-class-name -->
              <div class="configuration-test before">
                <span class="method-name">setup</span>
                <span class="method-start">0 ms</span>
              </div> <!-- configuration-test before -->
            </div> <!-- chronological-class -->
            <div class="chronological-class">
              <div class="chronological-class-name">com.test.automation.uiAutomation.homepage.TC002_verifylogin_withvalidcredentials</div> <!-- chronological-class-name -->
              <div class="configuration-test before">
                <span class="method-name">setup</span>
                <span class="method-start">22964 ms</span>
              </div> <!-- configuration-test before -->
            </div> <!-- chronological-class -->
            <div class="chronological-class">
              <div class="chronological-class-name">com.test.automation.uiAutomation.homepage.TC003_booking</div> <!-- chronological-class-name -->
              <div class="configuration-test before">
                <span class="method-name">startup</span>
                <span class="method-start">37839 ms</span>
              </div> <!-- configuration-test before -->
            </div> <!-- chronological-class -->
            <div class="chronological-class">
              <div class="chronological-class-name">com.test.automation.uiAutomation.homepage.TC001_verifylogin_withinvalidcredentials</div> <!-- chronological-class-name -->
              <div class="configuration-method before">
                <span class="method-name">beforemethod(public void com.test.automation.uiAutomation.homepage.TC001_verifylogin_withinvalidcredentials.login...)</span>
                <span class="method-start">55347 ms</span>
              </div> <!-- configuration-method before -->
              <div class="test-method">
                <span class="method-name">logintest_invalid(vickyraa2@gmai.com, kjsdfskdfjsd)</span>
                <span class="method-start">55364 ms</span>
              </div> <!-- test-method -->
              <div class="configuration-method after">
                <span class="method-name">aftermethod([TestResult name=logintest_invalid status=SUCCESS method=TC001_verifylogin_withinvalidcredentials.lo...)</span>
                <span class="method-start">66990 ms</span>
              </div> <!-- configuration-method after -->
              <div class="configuration-method before">
                <span class="method-name">beforemethod(public void com.test.automation.uiAutomation.homepage.TC001_verifylogin_withinvalidcredentials.login...)</span>
                <span class="method-start">66992 ms</span>
              </div> <!-- configuration-method before -->
              <div class="test-method">
                <span class="method-name">logintest_invalid(vicky@gmail.com, ajdhfasdfds)</span>
                <span class="method-start">66993 ms</span>
              </div> <!-- test-method -->
              <div class="configuration-method after">
                <span class="method-name">aftermethod([TestResult name=logintest_invalid status=SUCCESS method=TC001_verifylogin_withinvalidcredentials.lo...)</span>
                <span class="method-start">77579 ms</span>
              </div> <!-- configuration-method after -->
              <div class="configuration-method before">
                <span class="method-name">beforemethod(public void com.test.automation.uiAutomation.homepage.TC001_verifylogin_withinvalidcredentials.login...)</span>
                <span class="method-start">77580 ms</span>
              </div> <!-- configuration-method before -->
              <div class="test-method">
                <span class="method-name">logintest_invalid(shankar@gmail.com, sdkjfhskdf)</span>
                <span class="method-start">77581 ms</span>
              </div> <!-- test-method -->
              <div class="configuration-method after">
                <span class="method-name">aftermethod([TestResult name=logintest_invalid status=SUCCESS method=TC001_verifylogin_withinvalidcredentials.lo...)</span>
                <span class="method-start">88411 ms</span>
              </div> <!-- configuration-method after -->
              <div class="configuration-class after">
                <span class="method-name">endtest</span>
                <span class="method-start">88412 ms</span>
              </div> <!-- configuration-class after -->
            </div> <!-- chronological-class -->
            <div class="chronological-class">
              <div class="chronological-class-name">com.test.automation.uiAutomation.homepage.TC002_verifylogin_withvalidcredentials</div> <!-- chronological-class-name -->
              <div class="configuration-method before">
                <span class="method-name">beforemethod(public void com.test.automation.uiAutomation.homepage.TC002_verifylogin_withvalidcredentials.loginte...)</span>
                <span class="method-start">91804 ms</span>
              </div> <!-- configuration-method before -->
              <div class="test-method">
                <img src="failed.png">
                </img>
                <span class="method-name">logintest_valid(vicky24.ttw@gmail.com, vvv9894502383)</span>
                <span class="method-start">91805 ms</span>
              </div> <!-- test-method -->
              <div class="configuration-method after">
                <span class="method-name">aftermethod([TestResult name=logintest_valid status=FAILURE method=TC002_verifylogin_withvalidcredentials.logint...)</span>
                <span class="method-start">110436 ms</span>
              </div> <!-- configuration-method after -->
              <div class="configuration-class after">
                <span class="method-name">endtest</span>
                <span class="method-start">111687 ms</span>
              </div> <!-- configuration-class after -->
            </div> <!-- chronological-class -->
            <div class="chronological-class">
              <div class="chronological-class-name">com.test.automation.uiAutomation.homepage.TC003_booking</div> <!-- chronological-class-name -->
              <div class="configuration-method before">
                <span class="method-name">beforemethod(public void com.test.automation.uiAutomation.homepage.TC003_booking.selectpackage() throws java.lang...)</span>
                <span class="method-start">113504 ms</span>
              </div> <!-- configuration-method before -->
              <div class="test-method">
                <img src="failed.png">
                </img>
                <span class="method-name">selectpackage</span>
                <span class="method-start">113505 ms</span>
              </div> <!-- test-method -->
              <div class="configuration-method after">
                <span class="method-name">aftermethod([TestResult name=selectpackage status=FAILURE method=TC003_booking.selectpackage()[pri:0, instance:c...)</span>
                <span class="method-start">133504 ms</span>
              </div> <!-- configuration-method after -->
              <div class="configuration-class after">
                <span class="method-name">endtest</span>
                <span class="method-start">134603 ms</span>
              </div> <!-- configuration-class after -->
            </div> <!-- chronological-class -->
            <div class="chronological-class">
              <div class="chronological-class-name">com.test.automation.uiAutomation.homepage.TC001_verifylogin_withinvalidcredentials</div> <!-- chronological-class-name -->
              <div class="configuration-test after">
                <img src="failed.png">
                </img>
                <span class="method-name">exit</span>
                <span class="method-start">136147 ms</span>
              </div> <!-- configuration-test after -->
          </div> <!-- main-panel-content rounded-window-bottom -->
        </div> <!-- panel -->
      </div> <!-- main-panel-root -->
    </div> <!-- wrapper -->
  </body>
</html>
