<html>
<head>
<title>TestNG:  test</title>
<link href="../testng.css" rel="stylesheet" type="text/css" />
<link href="../my-testng.css" rel="stylesheet" type="text/css" />

<style type="text/css">
.log { display: none;} 
.stack-trace { display: none;} 
</style>
<script type="text/javascript">
<!--
function flip(e) {
  current = e.style.display;
  if (current == 'block') {
    e.style.display = 'none';
    return 0;
  }
  else {
    e.style.display = 'block';
    return 1;
  }
}

function toggleBox(szDivId, elem, msg1, msg2)
{
  var res = -1;  if (document.getElementById) {
    res = flip(document.getElementById(szDivId));
  }
  else if (document.all) {
    // this is the way old msie versions work
    res = flip(document.all[szDivId]);
  }
  if(elem) {
    if(res == 0) elem.innerHTML = msg1; else elem.innerHTML = msg2;
  }

}

function toggleAllBoxes() {
  if (document.getElementsByTagName) {
    d = document.getElementsByTagName('div');
    for (i = 0; i < d.length; i++) {
      if (d[i].className == 'log') {
        flip(d[i]);
      }
    }
  }
}

// -->
</script>

</head>
<body>
<h2 align='center'>test</h2><table border='1' align="center">
<tr>
<td>Tests passed/Failed/Skipped:</td><td>3/2/0</td>
</tr><tr>
<td>Started on:</td><td>Thu May 25 14:43:33 IST 2017</td>
</tr>
<tr><td>Total time:</td><td>136 seconds (136198 ms)</td>
</tr><tr>
<td>Included groups:</td><td></td>
</tr><tr>
<td>Excluded groups:</td><td></td>
</tr>
</table><p/>
<small><i>(Hover the method name to see the test class name)</i></small><p/>
<table width='100%' border='1' class='invocation-failed'>
<tr><td colspan='4' align='center'><b>FAILED CONFIGURATIONS</b></td></tr>
<tr><td><b>Test method</b></td>
<td width="30%"><b>Exception</b></td>
<td width="10%"><b>Time (seconds)</b></td>
<td><b>Instance</b></td>
</tr>
<tr>
<td title='com.test.automation.uiAutomation.homepage.TC001_verifylogin_withinvalidcredentials.exit()'><b>exit</b><br>Test class: com.test.automation.uiAutomation.homepage.TC001_verifylogin_withinvalidcredentials<br/>
<a href="#Output-749100260" onClick='toggleBox("Output-749100260", this, "Show output", "Hide output");'>Show output</a>

<a href="#Output-749100260" onClick="toggleAllBoxes();">Show all outputs</a>
<div class='log' id="Output-749100260">
Exception occured: org.openqa.selenium.NoSuchSessionException: Session ID is null. Using WebDriver after calling quit()?
Build info: version: '3.3.1', revision: '5234b325d5', time: '2017-03-10 09:10:29 +0000'
System info: host: 'VIGNESH-PC', ip: '192.168.0.129', os.name: 'Windows 7', os.arch: 'amd64', os.version: '6.1', java.version: '1.8.0_111'
Driver info: driver.version: EventFiringWebDriver<br/>
Exception occured:<br/>
</div>
</td>
<td><div><pre>org.openqa.selenium.NoSuchSessionException: Session ID is null. Using WebDriver after calling quit()?
Build info: version: &apos;3.3.1&apos;, revision: &apos;5234b325d5&apos;, time: &apos;2017-03-10 09:10:29 +0000&apos;
System info: host: &apos;VIGNESH-PC&apos;, ip: &apos;192.168.0.129&apos;, os.name: &apos;Windows 7&apos;, os.arch: &apos;amd64&apos;, os.version: &apos;6.1&apos;, java.version: &apos;1.8.0_111&apos;
Driver info: driver.version: EventFiringWebDriver
	at org.openqa.selenium.remote.HttpCommandExecutor.execute(HttpCommandExecutor.java:130)
	at org.openqa.selenium.remote.service.DriverCommandExecutor.execute(DriverCommandExecutor.java:82)
	at org.openqa.selenium.remote.RemoteWebDriver.execute(RemoteWebDriver.java:604)
	at org.openqa.selenium.remote.RemoteWebDriver.execute(RemoteWebDriver.java:661)
	at org.openqa.selenium.remote.RemoteWebDriver.close(RemoteWebDriver.java:490)
	at org.openqa.selenium.support.events.EventFiringWebDriver$2.invoke(EventFiringWebDriver.java:104)
	at com.sun.proxy.$Proxy11.close(Unknown Source)
	at org.openqa.selenium.support.events.EventFiringWebDriver.close(EventFiringWebDriver.java:198)
	at com.test.automation.uiAutomation.homepage.TC001_verifylogin_withinvalidcredentials.exit(TC001_verifylogin_withinvalidcredentials.java:47)
... Removed 27 stack frames</pre></div><a href='#' onClick='toggleBox("stack-trace749100260", this, "Click to show all stack frames", "Click to hide stack frames")'>Click to show all stack frames</a>
<div class='stack-trace' id='stack-trace749100260'><pre>org.openqa.selenium.NoSuchSessionException: Session ID is null. Using WebDriver after calling quit()?
Build info: version: &apos;3.3.1&apos;, revision: &apos;5234b325d5&apos;, time: &apos;2017-03-10 09:10:29 +0000&apos;
System info: host: &apos;VIGNESH-PC&apos;, ip: &apos;192.168.0.129&apos;, os.name: &apos;Windows 7&apos;, os.arch: &apos;amd64&apos;, os.version: &apos;6.1&apos;, java.version: &apos;1.8.0_111&apos;
Driver info: driver.version: EventFiringWebDriver
	at org.openqa.selenium.remote.HttpCommandExecutor.execute(HttpCommandExecutor.java:130)
	at org.openqa.selenium.remote.service.DriverCommandExecutor.execute(DriverCommandExecutor.java:82)
	at org.openqa.selenium.remote.RemoteWebDriver.execute(RemoteWebDriver.java:604)
	at org.openqa.selenium.remote.RemoteWebDriver.execute(RemoteWebDriver.java:661)
	at org.openqa.selenium.remote.RemoteWebDriver.close(RemoteWebDriver.java:490)
	at sun.reflect.NativeMethodAccessorImpl.invoke0(Native Method)
	at sun.reflect.NativeMethodAccessorImpl.invoke(NativeMethodAccessorImpl.java:62)
	at sun.reflect.DelegatingMethodAccessorImpl.invoke(DelegatingMethodAccessorImpl.java:43)
	at java.lang.reflect.Method.invoke(Method.java:498)
	at org.openqa.selenium.support.events.EventFiringWebDriver$2.invoke(EventFiringWebDriver.java:104)
	at com.sun.proxy.$Proxy11.close(Unknown Source)
	at org.openqa.selenium.support.events.EventFiringWebDriver.close(EventFiringWebDriver.java:198)
	at com.test.automation.uiAutomation.homepage.TC001_verifylogin_withinvalidcredentials.exit(TC001_verifylogin_withinvalidcredentials.java:47)
	at sun.reflect.NativeMethodAccessorImpl.invoke0(Native Method)
	at sun.reflect.NativeMethodAccessorImpl.invoke(NativeMethodAccessorImpl.java:62)
	at sun.reflect.DelegatingMethodAccessorImpl.invoke(DelegatingMethodAccessorImpl.java:43)
	at java.lang.reflect.Method.invoke(Method.java:498)
	at org.testng.internal.MethodInvocationHelper.invokeMethod(MethodInvocationHelper.java:104)
	at org.testng.internal.Invoker.invokeConfigurationMethod(Invoker.java:515)
	at org.testng.internal.Invoker.invokeConfigurations(Invoker.java:217)
	at org.testng.internal.Invoker.invokeConfigurations(Invoker.java:144)
	at org.testng.TestRunner.afterRun(TestRunner.java:983)
	at org.testng.TestRunner.run(TestRunner.java:614)
	at org.testng.SuiteRunner.runTest(SuiteRunner.java:387)
	at org.testng.SuiteRunner.runSequentially(SuiteRunner.java:382)
	at org.testng.SuiteRunner.privateRun(SuiteRunner.java:340)
	at org.testng.SuiteRunner.run(SuiteRunner.java:289)
	at org.testng.SuiteRunnerWorker.runSuite(SuiteRunnerWorker.java:52)
	at org.testng.SuiteRunnerWorker.run(SuiteRunnerWorker.java:86)
	at org.testng.TestNG.runSuitesSequentially(TestNG.java:1293)
	at org.testng.TestNG.runSuitesLocally(TestNG.java:1218)
	at org.testng.TestNG.runSuites(TestNG.java:1133)
	at org.testng.TestNG.run(TestNG.java:1104)
	at org.testng.remote.AbstractRemoteTestNG.run(AbstractRemoteTestNG.java:132)
	at org.testng.remote.RemoteTestNG.initAndRun(RemoteTestNG.java:236)
	at org.testng.remote.RemoteTestNG.main(RemoteTestNG.java:81)
</pre></div></td>
<td>0</td>
<td>null</td></tr>
</table><p>
<table width='100%' border='1' class='invocation-failed'>
<tr><td colspan='4' align='center'><b>FAILED TESTS</b></td></tr>
<tr><td><b>Test method</b></td>
<td width="30%"><b>Exception</b></td>
<td width="10%"><b>Time (seconds)</b></td>
<td><b>Instance</b></td>
</tr>
<tr>
<td title='com.test.automation.uiAutomation.homepage.TC002_verifylogin_withvalidcredentials.logintest_valid()'><b>logintest_valid</b><br>Test class: com.test.automation.uiAutomation.homepage.TC002_verifylogin_withvalidcredentials<br>Parameters: vicky24.ttw@gmail.com, vvv9894502383<br/>
<a href="#Output-1264754451" onClick='toggleBox("Output-1264754451", this, "Show output", "Hide output");'>Show output</a>

<a href="#Output-1264754451" onClick="toggleAllBoxes();">Show all outputs</a>
<div class='log' id="Output-1264754451">
Found Element By : By.xpath: //a[@class='signinLink'][text()='Log In'] <br/>
Trying to click on: [[ChromeDriver: chrome on XP (40a57c2b7019748e754506160520336e)] -> xpath: //a[@class='signinLink'][text()='Log In'] ]<br/>
Clicked on: [[ChromeDriver: chrome on XP (40a57c2b7019748e754506160520336e)] -> xpath: //a[@class='signinLink'][text()='Log In'] ]<br/>
Found Element By : By.xpath: //input[@id='home_username']<br/>
Found Element By : By.xpath: //input[@id='home_password']<br/>
Found Element By : By.xpath: //input[@id='home_password']<br/>
Found Element By : By.xpath: //input[@value='Sign In']<br/>
Found Element By : By.xpath: //input[@value='Sign In']<br/>
Trying to click on: [[ChromeDriver: chrome on XP (40a57c2b7019748e754506160520336e)] -> xpath: //input[@value='Sign In']]<br/>
Clicked on: [[ChromeDriver: chrome on XP (40a57c2b7019748e754506160520336e)] -> xpath: //input[@value='Sign In']]<br/>
Found Element By : By.xpath: //i[@class='fa fa-bars floatLeft menuIcon']<br/>
Trying to click on: [[ChromeDriver: chrome on XP (40a57c2b7019748e754506160520336e)] -> xpath: //i[@class='fa fa-bars floatLeft menuIcon']]<br/>
Clicked on: [[ChromeDriver: chrome on XP (40a57c2b7019748e754506160520336e)] -> xpath: //i[@class='fa fa-bars floatLeft menuIcon']]<br/>
Exception occured: org.openqa.selenium.NoSuchElementException: no such element: Unable to locate element: {"method":"xpath","selector":"//a[contains(text(),'Weekend Getaways1')]"}
  (Session info: chrome=58.0.3029.110)
  (Driver info: chromedriver=2.29.461591 (62ebf098771772160f391d75e589dc567915b233),platform=Windows NT 6.1.7601 SP1 x86_64) (WARNING: The server did not provide any stacktrace information)
Command duration or timeout: 90 milliseconds
For documentation on this error, please visit: http://seleniumhq.org/exceptions/no_such_element.html
Build info: version: '3.3.1', revision: '5234b325d5', time: '2017-03-10 09:10:29 +0000'
System info: host: 'VIGNESH-PC', ip: '192.168.0.129', os.name: 'Windows 7', os.arch: 'amd64', os.version: '6.1', java.version: '1.8.0_111'
Driver info: org.openqa.selenium.chrome.ChromeDriver
Capabilities [{applicationCacheEnabled=false, rotatable=false, mobileEmulationEnabled=false, networkConnectionEnabled=false, chrome={chromedriverVersion=2.29.461591 (62ebf098771772160f391d75e589dc567915b233), userDataDir=C:\Users\Vignesh\AppData\Local\Temp\scoped_dir6328_26693}, takesHeapSnapshot=true, pageLoadStrategy=normal, databaseEnabled=false, handlesAlerts=true, hasTouchScreen=false, version=58.0.3029.110, platform=XP, browserConnectionEnabled=false, nativeEvents=true, acceptSslCerts=true, locationContextEnabled=true, webStorageEnabled=true, browserName=chrome, takesScreenshot=true, javascriptEnabled=true, cssSelectorsEnabled=true, unexpectedAlertBehaviour=}]
Session ID: 40a57c2b7019748e754506160520336e
*** Element info: {Using=xpath, value=//a[contains(text(),'Weekend Getaways1')]}<br/>
Exception occured:<br/>
</div>
</td>
<td><div><pre>org.openqa.selenium.NoSuchElementException: no such element: Unable to locate element: {&quot;method&quot;:&quot;xpath&quot;,&quot;selector&quot;:&quot;//a[contains(text(),&apos;Weekend Getaways1&apos;)]&quot;}
  (Session info: chrome=58.0.3029.110)
  (Driver info: chromedriver=2.29.461591 (62ebf098771772160f391d75e589dc567915b233),platform=Windows NT 6.1.7601 SP1 x86_64) (WARNING: The server did not provide any stacktrace information)
Command duration or timeout: 90 milliseconds
For documentation on this error, please visit: http://seleniumhq.org/exceptions/no_such_element.html
Build info: version: &apos;3.3.1&apos;, revision: &apos;5234b325d5&apos;, time: &apos;2017-03-10 09:10:29 +0000&apos;
System info: host: &apos;VIGNESH-PC&apos;, ip: &apos;192.168.0.129&apos;, os.name: &apos;Windows 7&apos;, os.arch: &apos;amd64&apos;, os.version: &apos;6.1&apos;, java.version: &apos;1.8.0_111&apos;
Driver info: org.openqa.selenium.chrome.ChromeDriver
Capabilities [{applicationCacheEnabled=false, rotatable=false, mobileEmulationEnabled=false, networkConnectionEnabled=false, chrome={chromedriverVersion=2.29.461591 (62ebf098771772160f391d75e589dc567915b233), userDataDir=C:\Users\Vignesh\AppData\Local\Temp\scoped_dir6328_26693}, takesHeapSnapshot=true, pageLoadStrategy=normal, databaseEnabled=false, handlesAlerts=true, hasTouchScreen=false, version=58.0.3029.110, platform=XP, browserConnectionEnabled=false, nativeEvents=true, acceptSslCerts=true, locationContextEnabled=true, webStorageEnabled=true, browserName=chrome, takesScreenshot=true, javascriptEnabled=true, cssSelectorsEnabled=true, unexpectedAlertBehaviour=}]
Session ID: 40a57c2b7019748e754506160520336e
*** Element info: {Using=xpath, value=//a[contains(text(),&apos;Weekend Getaways1&apos;)]}
	at org.openqa.selenium.remote.ErrorHandler.createThrowable(ErrorHandler.java:216)
	at org.openqa.selenium.remote.ErrorHandler.throwIfResponseFailed(ErrorHandler.java:168)
	at org.openqa.selenium.remote.RemoteWebDriver.execute(RemoteWebDriver.java:638)
	at org.openqa.selenium.remote.RemoteWebDriver.findElement(RemoteWebDriver.java:371)
	at org.openqa.selenium.remote.RemoteWebDriver.findElementByXPath(RemoteWebDriver.java:476)
	at org.openqa.selenium.By$ByXPath.findElement(By.java:361)
	at org.openqa.selenium.remote.RemoteWebDriver.findElement(RemoteWebDriver.java:363)
	at org.openqa.selenium.support.events.EventFiringWebDriver$2.invoke(EventFiringWebDriver.java:104)
	at com.sun.proxy.$Proxy11.findElement(Unknown Source)
	at org.openqa.selenium.support.events.EventFiringWebDriver.findElement(EventFiringWebDriver.java:188)
	at com.test.automation.uiAutomation.uiaction.Homepage.clickonnavigation_menu(Homepage.java:150)
	at com.test.automation.uiAutomation.homepage.TC002_verifylogin_withvalidcredentials.logintest_valid(TC002_verifylogin_withvalidcredentials.java:44)
... Removed 32 stack frames</pre></div><a href='#' onClick='toggleBox("stack-trace1264754451", this, "Click to show all stack frames", "Click to hide stack frames")'>Click to show all stack frames</a>
<div class='stack-trace' id='stack-trace1264754451'><pre>org.openqa.selenium.NoSuchElementException: no such element: Unable to locate element: {&quot;method&quot;:&quot;xpath&quot;,&quot;selector&quot;:&quot;//a[contains(text(),&apos;Weekend Getaways1&apos;)]&quot;}
  (Session info: chrome=58.0.3029.110)
  (Driver info: chromedriver=2.29.461591 (62ebf098771772160f391d75e589dc567915b233),platform=Windows NT 6.1.7601 SP1 x86_64) (WARNING: The server did not provide any stacktrace information)
Command duration or timeout: 90 milliseconds
For documentation on this error, please visit: http://seleniumhq.org/exceptions/no_such_element.html
Build info: version: &apos;3.3.1&apos;, revision: &apos;5234b325d5&apos;, time: &apos;2017-03-10 09:10:29 +0000&apos;
System info: host: &apos;VIGNESH-PC&apos;, ip: &apos;192.168.0.129&apos;, os.name: &apos;Windows 7&apos;, os.arch: &apos;amd64&apos;, os.version: &apos;6.1&apos;, java.version: &apos;1.8.0_111&apos;
Driver info: org.openqa.selenium.chrome.ChromeDriver
Capabilities [{applicationCacheEnabled=false, rotatable=false, mobileEmulationEnabled=false, networkConnectionEnabled=false, chrome={chromedriverVersion=2.29.461591 (62ebf098771772160f391d75e589dc567915b233), userDataDir=C:\Users\Vignesh\AppData\Local\Temp\scoped_dir6328_26693}, takesHeapSnapshot=true, pageLoadStrategy=normal, databaseEnabled=false, handlesAlerts=true, hasTouchScreen=false, version=58.0.3029.110, platform=XP, browserConnectionEnabled=false, nativeEvents=true, acceptSslCerts=true, locationContextEnabled=true, webStorageEnabled=true, browserName=chrome, takesScreenshot=true, javascriptEnabled=true, cssSelectorsEnabled=true, unexpectedAlertBehaviour=}]
Session ID: 40a57c2b7019748e754506160520336e
*** Element info: {Using=xpath, value=//a[contains(text(),&apos;Weekend Getaways1&apos;)]}
	at sun.reflect.NativeConstructorAccessorImpl.newInstance0(Native Method)
	at sun.reflect.NativeConstructorAccessorImpl.newInstance(NativeConstructorAccessorImpl.java:62)
	at sun.reflect.DelegatingConstructorAccessorImpl.newInstance(DelegatingConstructorAccessorImpl.java:45)
	at java.lang.reflect.Constructor.newInstance(Constructor.java:423)
	at org.openqa.selenium.remote.ErrorHandler.createThrowable(ErrorHandler.java:216)
	at org.openqa.selenium.remote.ErrorHandler.throwIfResponseFailed(ErrorHandler.java:168)
	at org.openqa.selenium.remote.RemoteWebDriver.execute(RemoteWebDriver.java:638)
	at org.openqa.selenium.remote.RemoteWebDriver.findElement(RemoteWebDriver.java:371)
	at org.openqa.selenium.remote.RemoteWebDriver.findElementByXPath(RemoteWebDriver.java:476)
	at org.openqa.selenium.By$ByXPath.findElement(By.java:361)
	at org.openqa.selenium.remote.RemoteWebDriver.findElement(RemoteWebDriver.java:363)
	at sun.reflect.GeneratedMethodAccessor7.invoke(Unknown Source)
	at sun.reflect.DelegatingMethodAccessorImpl.invoke(DelegatingMethodAccessorImpl.java:43)
	at java.lang.reflect.Method.invoke(Method.java:498)
	at org.openqa.selenium.support.events.EventFiringWebDriver$2.invoke(EventFiringWebDriver.java:104)
	at com.sun.proxy.$Proxy11.findElement(Unknown Source)
	at org.openqa.selenium.support.events.EventFiringWebDriver.findElement(EventFiringWebDriver.java:188)
	at com.test.automation.uiAutomation.uiaction.Homepage.clickonnavigation_menu(Homepage.java:150)
	at com.test.automation.uiAutomation.homepage.TC002_verifylogin_withvalidcredentials.logintest_valid(TC002_verifylogin_withvalidcredentials.java:44)
	at sun.reflect.NativeMethodAccessorImpl.invoke0(Native Method)
	at sun.reflect.NativeMethodAccessorImpl.invoke(NativeMethodAccessorImpl.java:62)
	at sun.reflect.DelegatingMethodAccessorImpl.invoke(DelegatingMethodAccessorImpl.java:43)
	at java.lang.reflect.Method.invoke(Method.java:498)
	at org.testng.internal.MethodInvocationHelper.invokeMethod(MethodInvocationHelper.java:104)
	at org.testng.internal.Invoker.invokeMethod(Invoker.java:645)
	at org.testng.internal.Invoker.invokeTestMethod(Invoker.java:851)
	at org.testng.internal.Invoker.invokeTestMethods(Invoker.java:1177)
	at org.testng.internal.TestMethodWorker.invokeTestMethods(TestMethodWorker.java:129)
	at org.testng.internal.TestMethodWorker.run(TestMethodWorker.java:112)
	at org.testng.TestRunner.privateRun(TestRunner.java:756)
	at org.testng.TestRunner.run(TestRunner.java:610)
	at org.testng.SuiteRunner.runTest(SuiteRunner.java:387)
	at org.testng.SuiteRunner.runSequentially(SuiteRunner.java:382)
	at org.testng.SuiteRunner.privateRun(SuiteRunner.java:340)
	at org.testng.SuiteRunner.run(SuiteRunner.java:289)
	at org.testng.SuiteRunnerWorker.runSuite(SuiteRunnerWorker.java:52)
	at org.testng.SuiteRunnerWorker.run(SuiteRunnerWorker.java:86)
	at org.testng.TestNG.runSuitesSequentially(TestNG.java:1293)
	at org.testng.TestNG.runSuitesLocally(TestNG.java:1218)
	at org.testng.TestNG.runSuites(TestNG.java:1133)
	at org.testng.TestNG.run(TestNG.java:1104)
	at org.testng.remote.AbstractRemoteTestNG.run(AbstractRemoteTestNG.java:132)
	at org.testng.remote.RemoteTestNG.initAndRun(RemoteTestNG.java:236)
	at org.testng.remote.RemoteTestNG.main(RemoteTestNG.java:81)
</pre></div></td>
<td>18</td>
<td>com.test.automation.uiAutomation.homepage.TC002_verifylogin_withvalidcredentials@1dd92fe2</td></tr>
<tr>
<td title='com.test.automation.uiAutomation.homepage.TC003_booking.selectpackage()'><b>selectpackage</b><br>Test class: com.test.automation.uiAutomation.homepage.TC003_booking<br/>
<a href="#Output-268599241" onClick='toggleBox("Output-268599241", this, "Show output", "Hide output");'>Show output</a>

<a href="#Output-268599241" onClick="toggleAllBoxes();">Show all outputs</a>
<div class='log' id="Output-268599241">
Found Element By : By.xpath: //a[@class='signinLink'][text()='Log In'] <br/>
Trying to click on: [[ChromeDriver: chrome on XP (621394627b543e1d20de0a7bfb8a0bba)] -> xpath: //a[@class='signinLink'][text()='Log In'] ]<br/>
Clicked on: [[ChromeDriver: chrome on XP (621394627b543e1d20de0a7bfb8a0bba)] -> xpath: //a[@class='signinLink'][text()='Log In'] ]<br/>
Found Element By : By.xpath: //input[@id='home_username']<br/>
Found Element By : By.xpath: //input[@id='home_password']<br/>
Found Element By : By.xpath: //input[@id='home_password']<br/>
Found Element By : By.xpath: //input[@value='Sign In']<br/>
Found Element By : By.xpath: //input[@value='Sign In']<br/>
Trying to click on: [[ChromeDriver: chrome on XP (621394627b543e1d20de0a7bfb8a0bba)] -> xpath: //input[@value='Sign In']]<br/>
Clicked on: [[ChromeDriver: chrome on XP (621394627b543e1d20de0a7bfb8a0bba)] -> xpath: //input[@value='Sign In']]<br/>
Found Element By : By.xpath: //i[@class='fa fa-bars floatLeft menuIcon']<br/>
Trying to click on: [[ChromeDriver: chrome on XP (621394627b543e1d20de0a7bfb8a0bba)] -> xpath: //i[@class='fa fa-bars floatLeft menuIcon']]<br/>
Clicked on: [[ChromeDriver: chrome on XP (621394627b543e1d20de0a7bfb8a0bba)] -> xpath: //i[@class='fa fa-bars floatLeft menuIcon']]<br/>
Exception occured: org.openqa.selenium.NoSuchElementException: no such element: Unable to locate element: {"method":"xpath","selector":"//a[contains(text(),'Weekend Getaways1')]"}
  (Session info: chrome=58.0.3029.110)
  (Driver info: chromedriver=2.29.461591 (62ebf098771772160f391d75e589dc567915b233),platform=Windows NT 6.1.7601 SP1 x86_64) (WARNING: The server did not provide any stacktrace information)
Command duration or timeout: 180 milliseconds
For documentation on this error, please visit: http://seleniumhq.org/exceptions/no_such_element.html
Build info: version: '3.3.1', revision: '5234b325d5', time: '2017-03-10 09:10:29 +0000'
System info: host: 'VIGNESH-PC', ip: '192.168.0.129', os.name: 'Windows 7', os.arch: 'amd64', os.version: '6.1', java.version: '1.8.0_111'
Driver info: org.openqa.selenium.chrome.ChromeDriver
Capabilities [{applicationCacheEnabled=false, rotatable=false, mobileEmulationEnabled=false, networkConnectionEnabled=false, chrome={chromedriverVersion=2.29.461591 (62ebf098771772160f391d75e589dc567915b233), userDataDir=C:\Users\Vignesh\AppData\Local\Temp\scoped_dir6844_16637}, takesHeapSnapshot=true, pageLoadStrategy=normal, databaseEnabled=false, handlesAlerts=true, hasTouchScreen=false, version=58.0.3029.110, platform=XP, browserConnectionEnabled=false, nativeEvents=true, acceptSslCerts=true, locationContextEnabled=true, webStorageEnabled=true, browserName=chrome, takesScreenshot=true, javascriptEnabled=true, cssSelectorsEnabled=true, unexpectedAlertBehaviour=}]
Session ID: 621394627b543e1d20de0a7bfb8a0bba
*** Element info: {Using=xpath, value=//a[contains(text(),'Weekend Getaways1')]}<br/>
Exception occured:<br/>
</div>
</td>
<td><div><pre>org.openqa.selenium.NoSuchElementException: no such element: Unable to locate element: {&quot;method&quot;:&quot;xpath&quot;,&quot;selector&quot;:&quot;//a[contains(text(),&apos;Weekend Getaways1&apos;)]&quot;}
  (Session info: chrome=58.0.3029.110)
  (Driver info: chromedriver=2.29.461591 (62ebf098771772160f391d75e589dc567915b233),platform=Windows NT 6.1.7601 SP1 x86_64) (WARNING: The server did not provide any stacktrace information)
Command duration or timeout: 180 milliseconds
For documentation on this error, please visit: http://seleniumhq.org/exceptions/no_such_element.html
Build info: version: &apos;3.3.1&apos;, revision: &apos;5234b325d5&apos;, time: &apos;2017-03-10 09:10:29 +0000&apos;
System info: host: &apos;VIGNESH-PC&apos;, ip: &apos;192.168.0.129&apos;, os.name: &apos;Windows 7&apos;, os.arch: &apos;amd64&apos;, os.version: &apos;6.1&apos;, java.version: &apos;1.8.0_111&apos;
Driver info: org.openqa.selenium.chrome.ChromeDriver
Capabilities [{applicationCacheEnabled=false, rotatable=false, mobileEmulationEnabled=false, networkConnectionEnabled=false, chrome={chromedriverVersion=2.29.461591 (62ebf098771772160f391d75e589dc567915b233), userDataDir=C:\Users\Vignesh\AppData\Local\Temp\scoped_dir6844_16637}, takesHeapSnapshot=true, pageLoadStrategy=normal, databaseEnabled=false, handlesAlerts=true, hasTouchScreen=false, version=58.0.3029.110, platform=XP, browserConnectionEnabled=false, nativeEvents=true, acceptSslCerts=true, locationContextEnabled=true, webStorageEnabled=true, browserName=chrome, takesScreenshot=true, javascriptEnabled=true, cssSelectorsEnabled=true, unexpectedAlertBehaviour=}]
Session ID: 621394627b543e1d20de0a7bfb8a0bba
*** Element info: {Using=xpath, value=//a[contains(text(),&apos;Weekend Getaways1&apos;)]}
	at org.openqa.selenium.remote.ErrorHandler.createThrowable(ErrorHandler.java:216)
	at org.openqa.selenium.remote.ErrorHandler.throwIfResponseFailed(ErrorHandler.java:168)
	at org.openqa.selenium.remote.RemoteWebDriver.execute(RemoteWebDriver.java:638)
	at org.openqa.selenium.remote.RemoteWebDriver.findElement(RemoteWebDriver.java:371)
	at org.openqa.selenium.remote.RemoteWebDriver.findElementByXPath(RemoteWebDriver.java:476)
	at org.openqa.selenium.By$ByXPath.findElement(By.java:361)
	at org.openqa.selenium.remote.RemoteWebDriver.findElement(RemoteWebDriver.java:363)
	at org.openqa.selenium.support.events.EventFiringWebDriver$2.invoke(EventFiringWebDriver.java:104)
	at com.sun.proxy.$Proxy11.findElement(Unknown Source)
	at org.openqa.selenium.support.events.EventFiringWebDriver.findElement(EventFiringWebDriver.java:188)
	at com.test.automation.uiAutomation.uiaction.Homepage.clickonnavigation_menu(Homepage.java:150)
	at com.test.automation.uiAutomation.homepage.TC003_booking.selectpackage(TC003_booking.java:44)
... Removed 32 stack frames</pre></div><a href='#' onClick='toggleBox("stack-trace268599241", this, "Click to show all stack frames", "Click to hide stack frames")'>Click to show all stack frames</a>
<div class='stack-trace' id='stack-trace268599241'><pre>org.openqa.selenium.NoSuchElementException: no such element: Unable to locate element: {&quot;method&quot;:&quot;xpath&quot;,&quot;selector&quot;:&quot;//a[contains(text(),&apos;Weekend Getaways1&apos;)]&quot;}
  (Session info: chrome=58.0.3029.110)
  (Driver info: chromedriver=2.29.461591 (62ebf098771772160f391d75e589dc567915b233),platform=Windows NT 6.1.7601 SP1 x86_64) (WARNING: The server did not provide any stacktrace information)
Command duration or timeout: 180 milliseconds
For documentation on this error, please visit: http://seleniumhq.org/exceptions/no_such_element.html
Build info: version: &apos;3.3.1&apos;, revision: &apos;5234b325d5&apos;, time: &apos;2017-03-10 09:10:29 +0000&apos;
System info: host: &apos;VIGNESH-PC&apos;, ip: &apos;192.168.0.129&apos;, os.name: &apos;Windows 7&apos;, os.arch: &apos;amd64&apos;, os.version: &apos;6.1&apos;, java.version: &apos;1.8.0_111&apos;
Driver info: org.openqa.selenium.chrome.ChromeDriver
Capabilities [{applicationCacheEnabled=false, rotatable=false, mobileEmulationEnabled=false, networkConnectionEnabled=false, chrome={chromedriverVersion=2.29.461591 (62ebf098771772160f391d75e589dc567915b233), userDataDir=C:\Users\Vignesh\AppData\Local\Temp\scoped_dir6844_16637}, takesHeapSnapshot=true, pageLoadStrategy=normal, databaseEnabled=false, handlesAlerts=true, hasTouchScreen=false, version=58.0.3029.110, platform=XP, browserConnectionEnabled=false, nativeEvents=true, acceptSslCerts=true, locationContextEnabled=true, webStorageEnabled=true, browserName=chrome, takesScreenshot=true, javascriptEnabled=true, cssSelectorsEnabled=true, unexpectedAlertBehaviour=}]
Session ID: 621394627b543e1d20de0a7bfb8a0bba
*** Element info: {Using=xpath, value=//a[contains(text(),&apos;Weekend Getaways1&apos;)]}
	at sun.reflect.NativeConstructorAccessorImpl.newInstance0(Native Method)
	at sun.reflect.NativeConstructorAccessorImpl.newInstance(NativeConstructorAccessorImpl.java:62)
	at sun.reflect.DelegatingConstructorAccessorImpl.newInstance(DelegatingConstructorAccessorImpl.java:45)
	at java.lang.reflect.Constructor.newInstance(Constructor.java:423)
	at org.openqa.selenium.remote.ErrorHandler.createThrowable(ErrorHandler.java:216)
	at org.openqa.selenium.remote.ErrorHandler.throwIfResponseFailed(ErrorHandler.java:168)
	at org.openqa.selenium.remote.RemoteWebDriver.execute(RemoteWebDriver.java:638)
	at org.openqa.selenium.remote.RemoteWebDriver.findElement(RemoteWebDriver.java:371)
	at org.openqa.selenium.remote.RemoteWebDriver.findElementByXPath(RemoteWebDriver.java:476)
	at org.openqa.selenium.By$ByXPath.findElement(By.java:361)
	at org.openqa.selenium.remote.RemoteWebDriver.findElement(RemoteWebDriver.java:363)
	at sun.reflect.GeneratedMethodAccessor7.invoke(Unknown Source)
	at sun.reflect.DelegatingMethodAccessorImpl.invoke(DelegatingMethodAccessorImpl.java:43)
	at java.lang.reflect.Method.invoke(Method.java:498)
	at org.openqa.selenium.support.events.EventFiringWebDriver$2.invoke(EventFiringWebDriver.java:104)
	at com.sun.proxy.$Proxy11.findElement(Unknown Source)
	at org.openqa.selenium.support.events.EventFiringWebDriver.findElement(EventFiringWebDriver.java:188)
	at com.test.automation.uiAutomation.uiaction.Homepage.clickonnavigation_menu(Homepage.java:150)
	at com.test.automation.uiAutomation.homepage.TC003_booking.selectpackage(TC003_booking.java:44)
	at sun.reflect.NativeMethodAccessorImpl.invoke0(Native Method)
	at sun.reflect.NativeMethodAccessorImpl.invoke(NativeMethodAccessorImpl.java:62)
	at sun.reflect.DelegatingMethodAccessorImpl.invoke(DelegatingMethodAccessorImpl.java:43)
	at java.lang.reflect.Method.invoke(Method.java:498)
	at org.testng.internal.MethodInvocationHelper.invokeMethod(MethodInvocationHelper.java:104)
	at org.testng.internal.Invoker.invokeMethod(Invoker.java:645)
	at org.testng.internal.Invoker.invokeTestMethod(Invoker.java:851)
	at org.testng.internal.Invoker.invokeTestMethods(Invoker.java:1177)
	at org.testng.internal.TestMethodWorker.invokeTestMethods(TestMethodWorker.java:129)
	at org.testng.internal.TestMethodWorker.run(TestMethodWorker.java:112)
	at org.testng.TestRunner.privateRun(TestRunner.java:756)
	at org.testng.TestRunner.run(TestRunner.java:610)
	at org.testng.SuiteRunner.runTest(SuiteRunner.java:387)
	at org.testng.SuiteRunner.runSequentially(SuiteRunner.java:382)
	at org.testng.SuiteRunner.privateRun(SuiteRunner.java:340)
	at org.testng.SuiteRunner.run(SuiteRunner.java:289)
	at org.testng.SuiteRunnerWorker.runSuite(SuiteRunnerWorker.java:52)
	at org.testng.SuiteRunnerWorker.run(SuiteRunnerWorker.java:86)
	at org.testng.TestNG.runSuitesSequentially(TestNG.java:1293)
	at org.testng.TestNG.runSuitesLocally(TestNG.java:1218)
	at org.testng.TestNG.runSuites(TestNG.java:1133)
	at org.testng.TestNG.run(TestNG.java:1104)
	at org.testng.remote.AbstractRemoteTestNG.run(AbstractRemoteTestNG.java:132)
	at org.testng.remote.RemoteTestNG.initAndRun(RemoteTestNG.java:236)
	at org.testng.remote.RemoteTestNG.main(RemoteTestNG.java:81)
</pre></div></td>
<td>19</td>
<td>com.test.automation.uiAutomation.homepage.TC003_booking@6b53e23f</td></tr>
</table><p>
<table width='100%' border='1' class='invocation-passed'>
<tr><td colspan='4' align='center'><b>PASSED TESTS</b></td></tr>
<tr><td><b>Test method</b></td>
<td width="30%"><b>Exception</b></td>
<td width="10%"><b>Time (seconds)</b></td>
<td><b>Instance</b></td>
</tr>
<tr>
<td title='com.test.automation.uiAutomation.homepage.TC001_verifylogin_withinvalidcredentials.logintest_invalid()'><b>logintest_invalid</b><br>Test class: com.test.automation.uiAutomation.homepage.TC001_verifylogin_withinvalidcredentials<br>Parameters: vickyraa2@gmai.com, kjsdfskdfjsd<br/>
<a href="#Output-538667887" onClick='toggleBox("Output-538667887", this, "Show output", "Hide output");'>Show output</a>

<a href="#Output-538667887" onClick="toggleAllBoxes();">Show all outputs</a>
<div class='log' id="Output-538667887">
Found Element By : By.xpath: //a[@class='signinLink'][text()='Log In'] <br/>
Trying to click on: [[ChromeDriver: chrome on XP (9eeaad7da6fd6d750d6b8148e93eff74)] -> xpath: //a[@class='signinLink'][text()='Log In'] ]<br/>
Clicked on: [[ChromeDriver: chrome on XP (9eeaad7da6fd6d750d6b8148e93eff74)] -> xpath: //a[@class='signinLink'][text()='Log In'] ]<br/>
Found Element By : By.xpath: //input[@id='home_username']<br/>
Found Element By : By.xpath: //input[@id='home_username']<br/>
Found Element By : By.xpath: //input[@id='home_password']<br/>
Found Element By : By.xpath: //input[@id='home_password']<br/>
Found Element By : By.xpath: //input[@value='Sign In']<br/>
Found Element By : By.xpath: //input[@value='Sign In']<br/>
Trying to click on: [[ChromeDriver: chrome on XP (9eeaad7da6fd6d750d6b8148e93eff74)] -> xpath: //input[@value='Sign In']]<br/>
Clicked on: [[ChromeDriver: chrome on XP (9eeaad7da6fd6d750d6b8148e93eff74)] -> xpath: //input[@value='Sign In']]<br/>
Found Element By : By.xpath: //div[@id='home_username-error']<br/>
Found Element By : By.xpath: //a[@class='signinLink'][text()='Log In'] <br/>
Trying to click on: [[ChromeDriver: chrome on XP (9eeaad7da6fd6d750d6b8148e93eff74)] -> xpath: //a[@class='signinLink'][text()='Log In'] ]<br/>
Clicked on: [[ChromeDriver: chrome on XP (9eeaad7da6fd6d750d6b8148e93eff74)] -> xpath: //a[@class='signinLink'][text()='Log In'] ]<br/>
</div>
</td>
<td></td>
<td>11</td>
<td>com.test.automation.uiAutomation.homepage.TC001_verifylogin_withinvalidcredentials@255b53dc</td></tr>
<tr>
<td title='com.test.automation.uiAutomation.homepage.TC001_verifylogin_withinvalidcredentials.logintest_invalid()'><b>logintest_invalid</b><br>Test class: com.test.automation.uiAutomation.homepage.TC001_verifylogin_withinvalidcredentials<br>Parameters: vicky@gmail.com, ajdhfasdfds<br/>
<a href="#Output-1105416433" onClick='toggleBox("Output-1105416433", this, "Show output", "Hide output");'>Show output</a>

<a href="#Output-1105416433" onClick="toggleAllBoxes();">Show all outputs</a>
<div class='log' id="Output-1105416433">
Found Element By : By.xpath: //a[@class='signinLink'][text()='Log In'] <br/>
Trying to click on: [[ChromeDriver: chrome on XP (9eeaad7da6fd6d750d6b8148e93eff74)] -> xpath: //a[@class='signinLink'][text()='Log In'] ]<br/>
Clicked on: [[ChromeDriver: chrome on XP (9eeaad7da6fd6d750d6b8148e93eff74)] -> xpath: //a[@class='signinLink'][text()='Log In'] ]<br/>
Found Element By : By.xpath: //input[@id='home_username']<br/>
Found Element By : By.xpath: //input[@id='home_username']<br/>
Found Element By : By.xpath: //input[@id='home_password']<br/>
Found Element By : By.xpath: //input[@id='home_password']<br/>
Found Element By : By.xpath: //input[@value='Sign In']<br/>
Found Element By : By.xpath: //input[@value='Sign In']<br/>
Trying to click on: [[ChromeDriver: chrome on XP (9eeaad7da6fd6d750d6b8148e93eff74)] -> xpath: //input[@value='Sign In']]<br/>
Clicked on: [[ChromeDriver: chrome on XP (9eeaad7da6fd6d750d6b8148e93eff74)] -> xpath: //input[@value='Sign In']]<br/>
Found Element By : By.xpath: //div[@id='home_username-error']<br/>
Found Element By : By.xpath: //a[@class='signinLink'][text()='Log In'] <br/>
Trying to click on: [[ChromeDriver: chrome on XP (9eeaad7da6fd6d750d6b8148e93eff74)] -> xpath: //a[@class='signinLink'][text()='Log In'] ]<br/>
Clicked on: [[ChromeDriver: chrome on XP (9eeaad7da6fd6d750d6b8148e93eff74)] -> xpath: //a[@class='signinLink'][text()='Log In'] ]<br/>
</div>
</td>
<td></td>
<td>10</td>
<td>com.test.automation.uiAutomation.homepage.TC001_verifylogin_withinvalidcredentials@255b53dc</td></tr>
<tr>
<td title='com.test.automation.uiAutomation.homepage.TC001_verifylogin_withinvalidcredentials.logintest_invalid()'><b>logintest_invalid</b><br>Test class: com.test.automation.uiAutomation.homepage.TC001_verifylogin_withinvalidcredentials<br>Parameters: shankar@gmail.com, sdkjfhskdf<br/>
<a href="#Output-1714378342" onClick='toggleBox("Output-1714378342", this, "Show output", "Hide output");'>Show output</a>

<a href="#Output-1714378342" onClick="toggleAllBoxes();">Show all outputs</a>
<div class='log' id="Output-1714378342">
Found Element By : By.xpath: //a[@class='signinLink'][text()='Log In'] <br/>
Trying to click on: [[ChromeDriver: chrome on XP (9eeaad7da6fd6d750d6b8148e93eff74)] -> xpath: //a[@class='signinLink'][text()='Log In'] ]<br/>
Clicked on: [[ChromeDriver: chrome on XP (9eeaad7da6fd6d750d6b8148e93eff74)] -> xpath: //a[@class='signinLink'][text()='Log In'] ]<br/>
Found Element By : By.xpath: //input[@id='home_username']<br/>
Found Element By : By.xpath: //input[@id='home_username']<br/>
Found Element By : By.xpath: //input[@id='home_password']<br/>
Found Element By : By.xpath: //input[@id='home_password']<br/>
Found Element By : By.xpath: //input[@value='Sign In']<br/>
Found Element By : By.xpath: //input[@value='Sign In']<br/>
Trying to click on: [[ChromeDriver: chrome on XP (9eeaad7da6fd6d750d6b8148e93eff74)] -> xpath: //input[@value='Sign In']]<br/>
Clicked on: [[ChromeDriver: chrome on XP (9eeaad7da6fd6d750d6b8148e93eff74)] -> xpath: //input[@value='Sign In']]<br/>
Found Element By : By.xpath: //div[@id='home_username-error']<br/>
Found Element By : By.xpath: //a[@class='signinLink'][text()='Log In'] <br/>
Trying to click on: [[ChromeDriver: chrome on XP (9eeaad7da6fd6d750d6b8148e93eff74)] -> xpath: //a[@class='signinLink'][text()='Log In'] ]<br/>
Clicked on: [[ChromeDriver: chrome on XP (9eeaad7da6fd6d750d6b8148e93eff74)] -> xpath: //a[@class='signinLink'][text()='Log In'] ]<br/>
</div>
</td>
<td></td>
<td>10</td>
<td>com.test.automation.uiAutomation.homepage.TC001_verifylogin_withinvalidcredentials@255b53dc</td></tr>
</table><p>
</body>
</html>